<?xml version="1.0" encoding="utf-8"?>
<!DOCTYPE coverage SYSTEM "http://cobertura.sourceforge.net/xml/coverage-04.dtd">
<coverage line-rate="0.233902489199753" branch-rate="0.174299065420561" lines-covered="1137" lines-valid="4861" branches-covered="373" branches-valid="2140" complexity="2749" version="0" timestamp="1748889649">
  <sources />
  <packages>
    <package name="Bunit.Core" line-rate="0.332165381920112" branch-rate="0.231481481481481" complexity="665">
      <classes>
        <class name="Bunit.Asserting.ActualExpectedAssertException" filename="/_/src/bunit.core/Asserting/ActualExpectedAssertException.cs" line-rate="1" branch-rate="1" complexity="3">
          <methods>
            <method name=".ctor" signature="(...)" line-rate="1" branch-rate="1" complexity="1">
              <lines />
            </method>
            <method name=".ctor" signature="(...)" line-rate="1" branch-rate="1" complexity="1">
              <lines />
            </method>
            <method name="CreateMessage" signature="(...)" line-rate="1" branch-rate="1" complexity="1">
              <lines />
            </method>
          </methods>
          <lines />
        </class>
        <class name="Bunit.ComponentFactories.ConditionalComponentFactory" filename="/_/src/bunit.core/ComponentFactories/ConditionalComponentFactory.cs" line-rate="1" branch-rate="1" complexity="3">
          <methods>
            <method name=".ctor" signature="(...)" line-rate="1" branch-rate="1" complexity="1">
              <lines />
            </method>
            <method name="CanCreate" signature="(...)" line-rate="1" branch-rate="1" complexity="1">
              <lines />
            </method>
            <method name="Create" signature="(...)" line-rate="1" branch-rate="1" complexity="1">
              <lines />
            </method>
          </methods>
          <lines />
        </class>
        <class name="Bunit.ComponentFactories.GenericComponentFactory&lt;TComponent, TSubstituteComponent&gt;" filename="/_/src/bunit.core/ComponentFactories/GenericComponentFactory{TComponent,TSubstituteComponent}.cs" line-rate="1" branch-rate="1" complexity="2">
          <methods>
            <method name="CanCreate" signature="(...)" line-rate="1" branch-rate="1" complexity="1">
              <lines />
            </method>
            <method name="Create" signature="(...)" line-rate="1" branch-rate="1" complexity="1">
              <lines />
            </method>
          </methods>
          <lines />
        </class>
        <class name="Bunit.ComponentFactories.InstanceComponentFactory&lt;TComponent&gt;" filename="/_/src/bunit.core/ComponentFactories/InstanceComponentFactory{TComponent}.cs" line-rate="1" branch-rate="1" complexity="4">
          <methods>
            <method name=".ctor" signature="(...)" line-rate="1" branch-rate="1" complexity="1">
              <lines />
            </method>
            <method name="CanCreate" signature="(...)" line-rate="1" branch-rate="1" complexity="1">
              <lines />
            </method>
            <method name="Create" signature="(...)" line-rate="1" branch-rate="1" complexity="2">
              <lines />
            </method>
          </methods>
          <lines />
        </class>
        <class name="Bunit.ComponentFactories.TypeBasedComponentFactory&lt;TComponent&gt;" filename="/_/src/bunit.core/ComponentFactories/TypeBasedComponentFactory{TComponent}.cs" line-rate="1" branch-rate="1" complexity="3">
          <methods>
            <method name=".ctor" signature="(...)" line-rate="1" branch-rate="1" complexity="1">
              <lines />
            </method>
            <method name="CanCreate" signature="(...)" line-rate="1" branch-rate="1" complexity="1">
              <lines />
            </method>
            <method name="Create" signature="(...)" line-rate="1" branch-rate="1" complexity="1">
              <lines />
            </method>
          </methods>
          <lines />
        </class>
        <class name="Bunit.ComponentFactoryCollection" filename="/_/src/bunit.core/ComponentFactoryCollection.cs" line-rate="1" branch-rate="1" complexity="15">
          <methods>
            <method name="get_Item" signature="(...)" line-rate="1" branch-rate="1" complexity="1">
              <lines />
            </method>
            <method name="set_Item" signature="(...)" line-rate="1" branch-rate="1" complexity="1">
              <lines />
            </method>
            <method name="get_Count" signature="()" line-rate="1" branch-rate="1" complexity="1">
              <lines />
            </method>
            <method name="get_IsReadOnly" signature="()" line-rate="1" branch-rate="1" complexity="1">
              <lines />
            </method>
            <method name="Add" signature="(...)" line-rate="1" branch-rate="1" complexity="1">
              <lines />
            </method>
            <method name="Clear" signature="()" line-rate="1" branch-rate="1" complexity="1">
              <lines />
            </method>
            <method name="Contains" signature="(...)" line-rate="1" branch-rate="1" complexity="1">
              <lines />
            </method>
            <method name="CopyTo" signature="(...)" line-rate="1" branch-rate="1" complexity="1">
              <lines />
            </method>
            <method name="GetEnumerator" signature="()" line-rate="1" branch-rate="1" complexity="1">
              <lines />
            </method>
            <method name="IndexOf" signature="(...)" line-rate="1" branch-rate="1" complexity="1">
              <lines />
            </method>
            <method name="Insert" signature="(...)" line-rate="1" branch-rate="1" complexity="1">
              <lines />
            </method>
            <method name="Remove" signature="(...)" line-rate="1" branch-rate="1" complexity="1">
              <lines />
            </method>
            <method name="RemoveAt" signature="(...)" line-rate="1" branch-rate="1" complexity="1">
              <lines />
            </method>
            <method name="System.Collections.IEnumerable.GetEnumerator" signature="()" line-rate="1" branch-rate="1" complexity="1">
              <lines />
            </method>
            <method name=".ctor" signature="()" line-rate="1" branch-rate="1" complexity="1">
              <lines />
            </method>
          </methods>
          <lines />
        </class>
        <class name="Bunit.ComponentFactoryCollectionExtensions" filename="/_/src/bunit.core/Extensions/ComponentFactoryCollectionExtensions.cs" line-rate="1" branch-rate="1" complexity="16">
          <methods>
            <method name="Add&lt;TComponent, TSubstituteComponent&gt;" signature="(...)" line-rate="1" branch-rate="1" complexity="2">
              <lines />
            </method>
            <method name="Add&lt;TComponent&gt;" signature="(...)" line-rate="1" branch-rate="1" complexity="4">
              <lines />
            </method>
            <method name="Add&lt;TComponent&gt;" signature="(...)" line-rate="1" branch-rate="1" complexity="4">
              <lines />
            </method>
            <method name="Add" signature="(...)" line-rate="1" branch-rate="1" complexity="6">
              <lines />
            </method>
          </methods>
          <lines />
        </class>
        <class name="Bunit.ComponentParameter" filename="/_/src/bunit.core/ComponentParameter.cs" line-rate="1" branch-rate="1" complexity="30">
          <methods>
            <method name="get_Name" signature="()" line-rate="1" branch-rate="1" complexity="1">
              <lines />
            </method>
            <method name="get_Value" signature="()" line-rate="1" branch-rate="1" complexity="1">
              <lines />
            </method>
            <method name="get_IsCascadingValue" signature="()" line-rate="1" branch-rate="1" complexity="1">
              <lines />
            </method>
            <method name=".ctor" signature="(...)" line-rate="1" branch-rate="1" complexity="8">
              <lines />
            </method>
            <method name="CreateParameter" signature="(...)" line-rate="1" branch-rate="1" complexity="1">
              <lines />
            </method>
            <method name="CreateCascadingValue" signature="(...)" line-rate="1" branch-rate="1" complexity="1">
              <lines />
            </method>
            <method name="op_Implicit" signature="(...)" line-rate="1" branch-rate="1" complexity="1">
              <lines />
            </method>
            <method name="op_Implicit" signature="(...)" line-rate="1" branch-rate="1" complexity="1">
              <lines />
            </method>
            <method name="Equals" signature="(...)" line-rate="1" branch-rate="1" complexity="10">
              <lines />
            </method>
            <method name="Equals" signature="(...)" line-rate="1" branch-rate="1" complexity="2">
              <lines />
            </method>
            <method name="GetHashCode" signature="()" line-rate="1" branch-rate="1" complexity="1">
              <lines />
            </method>
            <method name="op_Equality" signature="(...)" line-rate="1" branch-rate="1" complexity="1">
              <lines />
            </method>
            <method name="op_Inequality" signature="(...)" line-rate="1" branch-rate="1" complexity="1">
              <lines />
            </method>
          </methods>
          <lines />
        </class>
        <class name="Bunit.ComponentParameterCollection" filename="/_/src/bunit.core/ComponentParameterCollection.cs" line-rate="1" branch-rate="1" complexity="37">
          <methods>
            <method name="get_Count" signature="()" line-rate="1" branch-rate="1" complexity="2">
              <lines />
            </method>
            <method name="get_IsReadOnly" signature="()" line-rate="1" branch-rate="1" complexity="1">
              <lines />
            </method>
            <method name="get_RenderMode" signature="()" line-rate="1" branch-rate="1" complexity="1">
              <lines />
            </method>
            <method name="set_RenderMode" signature="(...)" line-rate="1" branch-rate="1" complexity="1">
              <lines />
            </method>
            <method name="Add" signature="(...)" line-rate="1" branch-rate="1" complexity="6">
              <lines />
            </method>
            <method name="Add" signature="(...)" line-rate="1" branch-rate="1" complexity="4">
              <lines />
            </method>
            <method name="Contains" signature="(...)" line-rate="1" branch-rate="1" complexity="2">
              <lines />
            </method>
            <method name="Clear" signature="()" line-rate="1" branch-rate="1" complexity="2">
              <lines />
            </method>
            <method name="CopyTo" signature="(...)" line-rate="1" branch-rate="1" complexity="2">
              <lines />
            </method>
            <method name="Remove" signature="(...)" line-rate="1" branch-rate="1" complexity="2">
              <lines />
            </method>
            <method name="ToRenderFragment&lt;TComponent&gt;" signature="()" line-rate="1" branch-rate="1" complexity="2">
              <lines />
            </method>
            <method name="System.Collections.IEnumerable.GetEnumerator" signature="()" line-rate="1" branch-rate="1" complexity="1">
              <lines />
            </method>
            <method name="WrapTemplates" signature="(...)" line-rate="1" branch-rate="1" complexity="1">
              <lines />
            </method>
            <method name="CreateTemplateWrapper&lt;T&gt;" signature="(...)" line-rate="1" branch-rate="1" complexity="1">
              <lines />
            </method>
            <method name="GetCascadingValueType" signature="(...)" line-rate="1" branch-rate="1" complexity="2">
              <lines />
            </method>
            <method name="GetCreateTemplateWrapperMethod" signature="()" line-rate="1" branch-rate="1" complexity="2">
              <lines />
            </method>
            <method name=".cctor" signature="()" line-rate="1" branch-rate="1" complexity="1">
              <lines />
            </method>
            <method name="MoveNext" signature="()" line-rate="1" branch-rate="1" complexity="4">
              <lines />
            </method>
          </methods>
          <lines />
        </class>
        <class name="Bunit.ComponentParameterCollection.&lt;&gt;c__18&lt;TComponent&gt;" filename="/_/src/bunit.core/ComponentParameterCollection.cs" line-rate="1" branch-rate="1" complexity="NaN">
          <methods />
          <lines />
        </class>
        <class name="Bunit.ComponentParameterCollection.&lt;&gt;c__DisplayClass18_0&lt;TComponent&gt;" filename="/_/src/bunit.core/ComponentParameterCollection.cs" line-rate="1" branch-rate="1" complexity="NaN">
          <methods />
          <lines />
        </class>
        <class name="Bunit.ComponentParameterCollection.&lt;&gt;c__DisplayClass18_1&lt;TComponent&gt;" filename="/_/src/bunit.core/ComponentParameterCollection.cs" line-rate="1" branch-rate="1" complexity="NaN">
          <methods />
          <lines />
        </class>
        <class name="Bunit.ComponentParameterCollection.&lt;&gt;c__DisplayClass22_0&lt;T&gt;" filename="/_/src/bunit.core/ComponentParameterCollection.cs" line-rate="1" branch-rate="1" complexity="NaN">
          <methods />
          <lines />
        </class>
        <class name="Bunit.ComponentParameterCollection.&lt;&gt;c__DisplayClass22_1&lt;T&gt;" filename="/_/src/bunit.core/ComponentParameterCollection.cs" line-rate="1" branch-rate="1" complexity="NaN">
          <methods />
          <lines />
        </class>
        <class name="Bunit.ComponentParameterCollectionBuilder.&lt;&gt;c__DisplayClass11_0&lt;TComponent, TValue&gt;" filename="/_/src/bunit.core/ComponentParameterCollectionBuilder.cs" line-rate="1" branch-rate="1" complexity="NaN">
          <methods />
          <lines />
        </class>
        <class name="Bunit.ComponentParameterCollectionBuilder.&lt;&gt;c__DisplayClass11_1&lt;TComponent, TValue&gt;" filename="/_/src/bunit.core/ComponentParameterCollectionBuilder.cs" line-rate="1" branch-rate="1" complexity="NaN">
          <methods />
          <lines />
        </class>
        <class name="Bunit.ComponentParameterCollectionBuilder.&lt;&gt;c__DisplayClass12_0&lt;TComponent, TChildComponent, TValue&gt;" filename="/_/src/bunit.core/ComponentParameterCollectionBuilder.cs" line-rate="1" branch-rate="1" complexity="NaN">
          <methods />
          <lines />
        </class>
        <class name="Bunit.ComponentParameterCollectionBuilder.&lt;&gt;c&lt;TComponent&gt;" filename="/_/src/bunit.core/ComponentParameterCollectionBuilder.cs" line-rate="1" branch-rate="1" complexity="NaN">
          <methods />
          <lines />
        </class>
        <class name="Bunit.ComponentParameterCollectionBuilder&lt;TComponent&gt;" filename="/_/src/bunit.core/ComponentParameterCollectionBuilder.cs" line-rate="1" branch-rate="1" complexity="105">
          <methods>
            <method name="get_HasUnmatchedCaptureParameter" signature="()" line-rate="1" branch-rate="1" complexity="1">
              <lines />
            </method>
            <method name=".ctor" signature="()" line-rate="1" branch-rate="1" complexity="1">
              <lines />
            </method>
            <method name=".ctor" signature="(...)" line-rate="1" branch-rate="1" complexity="2">
              <lines />
            </method>
            <method name="Add&lt;TValue&gt;" signature="(...)" line-rate="1" branch-rate="1" complexity="2">
              <lines />
            </method>
            <method name="Add&lt;TChildComponent&gt;" signature="(...)" line-rate="1" branch-rate="1" complexity="1">
              <lines />
            </method>
            <method name="Add" signature="(...)" line-rate="1" branch-rate="1" complexity="1">
              <lines />
            </method>
            <method name="Add&lt;TValue&gt;" signature="(...)" line-rate="1" branch-rate="1" complexity="2">
              <lines />
            </method>
            <method name="Add&lt;TChildComponent, TValue&gt;" signature="(...)" line-rate="1" branch-rate="1" complexity="2">
              <lines />
            </method>
            <method name="Add" signature="(...)" line-rate="1" branch-rate="1" complexity="2">
              <lines />
            </method>
            <method name="Add" signature="(...)" line-rate="1" branch-rate="1" complexity="2">
              <lines />
            </method>
            <method name="Add" signature="(...)" line-rate="1" branch-rate="1" complexity="2">
              <lines />
            </method>
            <method name="Add" signature="(...)" line-rate="1" branch-rate="1" complexity="2">
              <lines />
            </method>
            <method name="Add" signature="(...)" line-rate="1" branch-rate="1" complexity="2">
              <lines />
            </method>
            <method name="Add" signature="(...)" line-rate="1" branch-rate="1" complexity="2">
              <lines />
            </method>
            <method name="Add&lt;TValue&gt;" signature="(...)" line-rate="1" branch-rate="1" complexity="2">
              <lines />
            </method>
            <method name="Add&lt;TValue&gt;" signature="(...)" line-rate="1" branch-rate="1" complexity="2">
              <lines />
            </method>
            <method name="Add&lt;TValue&gt;" signature="(...)" line-rate="1" branch-rate="1" complexity="2">
              <lines />
            </method>
            <method name="Add&lt;TValue&gt;" signature="(...)" line-rate="1" branch-rate="1" complexity="2">
              <lines />
            </method>
            <method name="Add&lt;TValue&gt;" signature="(...)" line-rate="1" branch-rate="1" complexity="2">
              <lines />
            </method>
            <method name="Add&lt;TValue&gt;" signature="(...)" line-rate="1" branch-rate="1" complexity="2">
              <lines />
            </method>
            <method name="AddChildContent" signature="(...)" line-rate="1" branch-rate="1" complexity="4">
              <lines />
            </method>
            <method name="AddChildContent" signature="(...)" line-rate="1" branch-rate="1" complexity="1">
              <lines />
            </method>
            <method name="AddChildContent&lt;TChildComponent&gt;" signature="(...)" line-rate="1" branch-rate="1" complexity="1">
              <lines />
            </method>
            <method name="AddCascadingValue&lt;TValue&gt;" signature="(...)" line-rate="1" branch-rate="1" complexity="1">
              <lines />
            </method>
            <method name="AddCascadingValue&lt;TValue&gt;" signature="(...)" line-rate="1" branch-rate="1" complexity="1">
              <lines />
            </method>
            <method name="AddUnmatched" signature="(...)" line-rate="1" branch-rate="1" complexity="4">
              <lines />
            </method>
            <method name="Bind&lt;TValue&gt;" signature="(...)" line-rate="1" branch-rate="1" complexity="10">
              <lines />
            </method>
            <method name="SetAssignedRenderMode" signature="(...)" line-rate="1" branch-rate="1" complexity="1">
              <lines />
            </method>
            <method name="TryAdd&lt;TValue&gt;" signature="(...)" line-rate="1" branch-rate="1" complexity="6">
              <lines />
            </method>
            <method name="Build" signature="()" line-rate="1" branch-rate="1" complexity="1">
              <lines />
            </method>
            <method name="GetParameterInfo&lt;TValue&gt;" signature="(...)" line-rate="1" branch-rate="1" complexity="24">
              <lines />
            </method>
            <method name="HasChildContentParameter" signature="()" line-rate="1" branch-rate="1" complexity="2">
              <lines />
            </method>
            <method name="HasGenericChildContentParameter" signature="()" line-rate="1" branch-rate="1" complexity="2">
              <lines />
            </method>
            <method name="AddParameter&lt;TValue&gt;" signature="(...)" line-rate="1" branch-rate="1" complexity="1">
              <lines />
            </method>
            <method name="AddCascadingValueParameter" signature="(...)" line-rate="1" branch-rate="1" complexity="2">
              <lines />
            </method>
            <method name="GetRenderFragment&lt;TChildComponent&gt;" signature="(...)" line-rate="1" branch-rate="1" complexity="1">
              <lines />
            </method>
            <method name="HasPublicParameterProperty" signature="(...)" line-rate="1" branch-rate="1" complexity="4">
              <lines />
            </method>
            <method name="IsConcreteGenericOf" signature="(...)" line-rate="1" branch-rate="1" complexity="2">
              <lines />
            </method>
            <method name=".cctor" signature="()" line-rate="1" branch-rate="1" complexity="1">
              <lines />
            </method>
          </methods>
          <lines />
        </class>
        <class name="Bunit.ComponentParameterFactory" filename="/_/src/bunit.core/ComponentParameterFactory.cs" line-rate="1" branch-rate="1" complexity="19">
          <methods>
            <method name="EventCallback" signature="(...)" line-rate="1" branch-rate="1" complexity="1">
              <lines />
            </method>
            <method name="EventCallback" signature="(...)" line-rate="1" branch-rate="1" complexity="1">
              <lines />
            </method>
            <method name="EventCallback" signature="(...)" line-rate="1" branch-rate="1" complexity="1">
              <lines />
            </method>
            <method name="EventCallback" signature="(...)" line-rate="1" branch-rate="1" complexity="1">
              <lines />
            </method>
            <method name="EventCallback&lt;TValue&gt;" signature="(...)" line-rate="1" branch-rate="1" complexity="1">
              <lines />
            </method>
            <method name="EventCallback&lt;TValue&gt;" signature="(...)" line-rate="1" branch-rate="1" complexity="1">
              <lines />
            </method>
            <method name="EventCallback&lt;TValue&gt;" signature="(...)" line-rate="1" branch-rate="1" complexity="1">
              <lines />
            </method>
            <method name="EventCallback&lt;TValue&gt;" signature="(...)" line-rate="1" branch-rate="1" complexity="1">
              <lines />
            </method>
            <method name="Parameter" signature="(...)" line-rate="1" branch-rate="1" complexity="1">
              <lines />
            </method>
            <method name="CascadingValue" signature="(...)" line-rate="1" branch-rate="1" complexity="1">
              <lines />
            </method>
            <method name="CascadingValue" signature="(...)" line-rate="1" branch-rate="1" complexity="1">
              <lines />
            </method>
            <method name="ChildContent" signature="(...)" line-rate="1" branch-rate="1" complexity="1">
              <lines />
            </method>
            <method name="ChildContent&lt;TComponent&gt;" signature="(...)" line-rate="1" branch-rate="1" complexity="1">
              <lines />
            </method>
            <method name="ChildContent" signature="(...)" line-rate="1" branch-rate="1" complexity="1">
              <lines />
            </method>
            <method name="RenderFragment" signature="(...)" line-rate="1" branch-rate="1" complexity="1">
              <lines />
            </method>
            <method name="RenderFragment&lt;TComponent&gt;" signature="(...)" line-rate="1" branch-rate="1" complexity="1">
              <lines />
            </method>
            <method name="Template&lt;TValue&gt;" signature="(...)" line-rate="1" branch-rate="1" complexity="1">
              <lines />
            </method>
            <method name="Template&lt;TValue&gt;" signature="(...)" line-rate="1" branch-rate="1" complexity="1">
              <lines />
            </method>
            <method name="Template&lt;TComponent, TValue&gt;" signature="(...)" line-rate="1" branch-rate="1" complexity="1">
              <lines />
            </method>
          </methods>
          <lines />
        </class>
        <class name="Bunit.ComponentParameterFactory.&lt;&gt;c__DisplayClass17_0&lt;TValue&gt;" filename="/_/src/bunit.core/ComponentParameterFactory.cs" line-rate="1" branch-rate="1" complexity="NaN">
          <methods />
          <lines />
        </class>
        <class name="Bunit.ComponentParameterFactory.&lt;&gt;c__DisplayClass17_1&lt;TValue&gt;" filename="/_/src/bunit.core/ComponentParameterFactory.cs" line-rate="1" branch-rate="1" complexity="NaN">
          <methods />
          <lines />
        </class>
        <class name="Bunit.ComponentParameterFactory.&lt;&gt;c__DisplayClass18_0&lt;TComponent, TValue&gt;" filename="/_/src/bunit.core/ComponentParameterFactory.cs" line-rate="1" branch-rate="1" complexity="NaN">
          <methods />
          <lines />
        </class>
        <class name="Bunit.Extensions.BlazorExtensions" filename="/_/src/bunit.core/Extensions/BlazorExtensions.cs" line-rate="1" branch-rate="1" complexity="4">
          <methods>
            <method name="ToMarkupRenderFragment" signature="(...)" line-rate="1" branch-rate="1" complexity="4">
              <lines />
            </method>
          </methods>
          <lines />
        </class>
        <class name="Bunit.Extensions.EnumerableExtensions" filename="/_/src/bunit.core/Extensions/EnumerableExtensions.cs" line-rate="1" branch-rate="1" complexity="2">
          <methods>
            <method name="IsNullOrEmpty&lt;T&gt;" signature="(...)" line-rate="1" branch-rate="1" complexity="2">
              <lines />
            </method>
          </methods>
          <lines />
        </class>
        <class name="Bunit.Extensions.LoggerHelperExtensions" filename="/_/src/bunit.core/Extensions/LoggerHelperExtensions.cs" line-rate="1" branch-rate="1" complexity="2">
          <methods>
            <method name="CreateLogger&lt;TCategoryName&gt;" signature="(...)" line-rate="1" branch-rate="1" complexity="2">
              <lines />
            </method>
          </methods>
          <lines />
        </class>
        <class name="Bunit.Extensions.TestContextBaseRenderExtensions" filename="/_/src/bunit.core/Extensions/TestContextBaseRenderExtensions.cs" line-rate="1" branch-rate="1" complexity="4">
          <methods>
            <method name="RenderInsideRenderTree&lt;TComponent&gt;" signature="(...)" line-rate="1" branch-rate="1" complexity="2">
              <lines />
            </method>
            <method name="RenderInsideRenderTree" signature="(...)" line-rate="1" branch-rate="1" complexity="2">
              <lines />
            </method>
          </methods>
          <lines />
        </class>
        <class name="Bunit.Extensions.WaitForHelpers.WaitForAssertionHelper" filename="/_/src/bunit.core/Extensions/WaitForHelpers/WaitForAssertionHelper.cs" line-rate="1" branch-rate="1" complexity="3">
          <methods>
            <method name="get_TimeoutErrorMessage" signature="()" line-rate="1" branch-rate="1" complexity="1">
              <lines />
            </method>
            <method name="get_StopWaitingOnCheckException" signature="()" line-rate="1" branch-rate="1" complexity="1">
              <lines />
            </method>
            <method name=".ctor" signature="(...)" line-rate="1" branch-rate="1" complexity="1">
              <lines />
            </method>
          </methods>
          <lines />
        </class>
        <class name="Bunit.Extensions.WaitForHelpers.WaitForFailedException" filename="/_/src/bunit.core/Extensions/WaitForHelpers/WaitForFailedException.cs" line-rate="1" branch-rate="1" complexity="5">
          <methods>
            <method name=".ctor" signature="(...)" line-rate="1" branch-rate="1" complexity="2">
              <lines />
            </method>
            <method name=".ctor" signature="(...)" line-rate="1" branch-rate="1" complexity="1">
              <lines />
            </method>
            <method name="CreateMessage" signature="(...)" line-rate="1" branch-rate="1" complexity="1">
              <lines />
            </method>
            <method name=".ctor" signature="(...)" line-rate="1" branch-rate="1" complexity="1">
              <lines />
            </method>
          </methods>
          <lines />
        </class>
        <class name="Bunit.Extensions.WaitForHelpers.WaitForHelper.&lt;&lt;CreateWaitTask&gt;b__24_0&gt;d&lt;T&gt;" filename="/_/src/bunit.core/Extensions/WaitForHelpers/WaitForHelper.cs" line-rate="1" branch-rate="1" complexity="1">
          <methods>
            <method name="MoveNext" signature="()" line-rate="1" branch-rate="1" complexity="1">
              <lines />
            </method>
          </methods>
          <lines />
        </class>
        <class name="Bunit.Extensions.WaitForHelpers.WaitForHelper.&lt;&gt;c&lt;T&gt;" filename="/_/src/bunit.core/Extensions/WaitForHelpers/WaitForHelper.cs" line-rate="1" branch-rate="1" complexity="NaN">
          <methods />
          <lines />
        </class>
        <class name="Bunit.Extensions.WaitForHelpers.WaitForHelper&lt;T&gt;" filename="/_/src/bunit.core/Extensions/WaitForHelpers/WaitForHelper.cs" line-rate="1" branch-rate="1" complexity="39">
          <methods>
            <method name="get_TimeoutErrorMessage" signature="()" line-rate="1" branch-rate="1" complexity="1">
              <lines />
            </method>
            <method name="get_CheckThrowErrorMessage" signature="()" line-rate="1" branch-rate="1" complexity="1">
              <lines />
            </method>
            <method name="get_WaitTask" signature="()" line-rate="1" branch-rate="1" complexity="1">
              <lines />
            </method>
            <method name=".ctor" signature="(...)" line-rate="1" branch-rate="1" complexity="8">
              <lines />
            </method>
            <method name="Dispose" signature="()" line-rate="1" branch-rate="1" complexity="1">
              <lines />
            </method>
            <method name="Dispose" signature="(...)" line-rate="1" branch-rate="1" complexity="6">
              <lines />
            </method>
            <method name="CheckAndInitializeWaiting" signature="()" line-rate="1" branch-rate="1" complexity="2">
              <lines />
            </method>
            <method name="CreateWaitTask" signature="()" line-rate="1" branch-rate="1" complexity="1">
              <lines />
            </method>
            <method name="OnAfterRender" signature="(...)" line-rate="1" branch-rate="1" complexity="10">
              <lines />
            </method>
            <method name="SubscribeToOnAfterRender" signature="()" line-rate="1" branch-rate="1" complexity="4">
              <lines />
            </method>
            <method name="GetRuntimeTimeout" signature="(...)" line-rate="1" branch-rate="1" complexity="4">
              <lines />
            </method>
          </methods>
          <lines />
        </class>
        <class name="Bunit.Extensions.WaitForHelpers.WaitForHelperLoggerExtensions" filename="/_/src/bunit.core/Extensions/WaitForHelpers/WaitForHelperLoggerExtensions.cs" line-rate="1" branch-rate="1" complexity="13">
          <methods>
            <method name="LogCheckingWaitCondition&lt;T&gt;" signature="(...)" line-rate="1" branch-rate="1" complexity="2">
              <lines />
            </method>
            <method name="LogCheckCompleted&lt;T&gt;" signature="(...)" line-rate="1" branch-rate="1" complexity="2">
              <lines />
            </method>
            <method name="LogCheckFailed&lt;T&gt;" signature="(...)" line-rate="1" branch-rate="1" complexity="2">
              <lines />
            </method>
            <method name="LogCheckThrow&lt;T&gt;" signature="(...)" line-rate="1" branch-rate="1" complexity="2">
              <lines />
            </method>
            <method name="LogWaiterTimedOut&lt;T&gt;" signature="(...)" line-rate="1" branch-rate="1" complexity="2">
              <lines />
            </method>
            <method name="LogWaiterDisposed&lt;T&gt;" signature="(...)" line-rate="1" branch-rate="1" complexity="2">
              <lines />
            </method>
            <method name=".cctor" signature="()" line-rate="1" branch-rate="1" complexity="1">
              <lines />
            </method>
          </methods>
          <lines />
        </class>
        <class name="Bunit.Extensions.WaitForHelpers.WaitForStateHelper" filename="/_/src/bunit.core/Extensions/WaitForHelpers/WaitForStateHelper.cs" line-rate="1" branch-rate="1" complexity="4">
          <methods>
            <method name="get_TimeoutErrorMessage" signature="()" line-rate="1" branch-rate="1" complexity="1">
              <lines />
            </method>
            <method name="get_CheckThrowErrorMessage" signature="()" line-rate="1" branch-rate="1" complexity="1">
              <lines />
            </method>
            <method name="get_StopWaitingOnCheckException" signature="()" line-rate="1" branch-rate="1" complexity="1">
              <lines />
            </method>
            <method name=".ctor" signature="(...)" line-rate="1" branch-rate="1" complexity="1">
              <lines />
            </method>
          </methods>
          <lines />
        </class>
        <class name="Bunit.RazorTesting.ParameterException" filename="/_/src/bunit.core/ParameterException.cs" line-rate="1" branch-rate="1" complexity="2">
          <methods>
            <method name=".ctor" signature="(...)" line-rate="1" branch-rate="1" complexity="1">
              <lines />
            </method>
            <method name=".ctor" signature="(...)" line-rate="1" branch-rate="1" complexity="1">
              <lines />
            </method>
          </methods>
          <lines />
        </class>
        <class name="Bunit.RenderedComponentRenderExtensions" filename="/_/src/bunit.core/Extensions/RenderedComponentRenderExtensions.cs" line-rate="1" branch-rate="1" complexity="19">
          <methods>
            <method name="Render&lt;TComponent&gt;" signature="(...)" line-rate="1" branch-rate="1" complexity="1">
              <lines />
            </method>
            <method name="SetParametersAndRender&lt;TComponent&gt;" signature="(...)" line-rate="1" branch-rate="1" complexity="2">
              <lines />
            </method>
            <method name="SetParametersAndRender&lt;TComponent&gt;" signature="(...)" line-rate="1" branch-rate="1" complexity="4">
              <lines />
            </method>
            <method name="SetParametersAndRender&lt;TComponent&gt;" signature="(...)" line-rate="1" branch-rate="1" complexity="4">
              <lines />
            </method>
            <method name="ToParameterView" signature="(...)" line-rate="1" branch-rate="1" complexity="8">
              <lines />
            </method>
          </methods>
          <lines />
        </class>
        <class name="Bunit.RenderedFragmentInvokeAsyncExtensions" filename="/_/src/bunit.core/Extensions/RenderedFragmentInvokeAsyncExtensions.cs" line-rate="1" branch-rate="1" complexity="8">
          <methods>
            <method name="InvokeAsync" signature="(...)" line-rate="1" branch-rate="1" complexity="2">
              <lines />
            </method>
            <method name="InvokeAsync" signature="(...)" line-rate="1" branch-rate="1" complexity="2">
              <lines />
            </method>
            <method name="InvokeAsync&lt;T&gt;" signature="(...)" line-rate="1" branch-rate="1" complexity="2">
              <lines />
            </method>
            <method name="InvokeAsync&lt;T&gt;" signature="(...)" line-rate="1" branch-rate="1" complexity="2">
              <lines />
            </method>
          </methods>
          <lines />
        </class>
        <class name="Bunit.RenderedFragmentWaitForHelperExtensions" filename="/_/src/bunit.core/Extensions/WaitForHelpers/RenderedFragmentWaitForHelperExtensions.cs" line-rate="1" branch-rate="1" complexity="4">
          <methods>
            <method name="WaitForState" signature="(...)" line-rate="1" branch-rate="1" complexity="1">
              <lines />
            </method>
            <method name="WaitForAssertion" signature="(...)" line-rate="1" branch-rate="1" complexity="1">
              <lines />
            </method>
            <method name="MoveNext" signature="()" line-rate="1" branch-rate="1" complexity="1">
              <lines />
            </method>
            <method name="MoveNext" signature="()" line-rate="1" branch-rate="1" complexity="1">
              <lines />
            </method>
          </methods>
          <lines />
        </class>
        <class name="Bunit.Rendering.BunitComponentActivator" filename="/_/src/bunit.core/Rendering/BunitComponentActivator.cs" line-rate="1" branch-rate="1" complexity="14">
          <methods>
            <method name=".ctor" signature="(...)" line-rate="1" branch-rate="1" complexity="4">
              <lines />
            </method>
            <method name="CreateInstance" signature="(...)" line-rate="1" branch-rate="1" complexity="8">
              <lines />
            </method>
            <method name=".ctor" signature="(...)" line-rate="1" branch-rate="1" complexity="1">
              <lines />
            </method>
            <method name="CreateInstance" signature="(...)" line-rate="1" branch-rate="1" complexity="1">
              <lines />
            </method>
          </methods>
          <lines />
        </class>
        <class name="Bunit.Rendering.BunitComponentActivator.DefaultComponentActivator" filename="/_/src/bunit.core/Rendering/BunitComponentActivator.cs" line-rate="1" branch-rate="1" complexity="2">
          <methods>
            <method name=".ctor" signature="(...)" line-rate="1" branch-rate="1" complexity="1">
              <lines />
            </method>
            <method name="CreateInstance" signature="(...)" line-rate="1" branch-rate="1" complexity="1">
              <lines />
            </method>
          </methods>
          <lines />
        </class>
        <class name="Bunit.Rendering.ComponentDisposedException" filename="/_/src/bunit.core/Rendering/ComponentDisposedException.cs" line-rate="1" branch-rate="1" complexity="2">
          <methods>
            <method name=".ctor" signature="(...)" line-rate="1" branch-rate="1" complexity="1">
              <lines />
            </method>
            <method name=".ctor" signature="(...)" line-rate="1" branch-rate="1" complexity="1">
              <lines />
            </method>
          </methods>
          <lines />
        </class>
        <class name="Bunit.Rendering.ComponentNotFoundException" filename="/_/src/bunit.core/Rendering/ComponentNotFoundException.cs" line-rate="1" branch-rate="1" complexity="3">
          <methods>
            <method name=".ctor" signature="(...)" line-rate="1" branch-rate="1" complexity="2">
              <lines />
            </method>
            <method name=".ctor" signature="(...)" line-rate="1" branch-rate="1" complexity="1">
              <lines />
            </method>
          </methods>
          <lines />
        </class>
        <class name="Bunit.Rendering.FragmentContainer" filename="/_/src/bunit.core/Rendering/FragmentContainer.cs" line-rate="1" branch-rate="1" complexity="4">
          <methods>
            <method name="Attach" signature="(...)" line-rate="1" branch-rate="1" complexity="1">
              <lines />
            </method>
            <method name="SetParametersAsync" signature="(...)" line-rate="1" branch-rate="1" complexity="2">
              <lines />
            </method>
            <method name="Wrap" signature="(...)" line-rate="1" branch-rate="1" complexity="1">
              <lines />
            </method>
          </methods>
          <lines />
        </class>
        <class name="Bunit.Rendering.MissingRendererInfoException" filename="/_/src/bunit.core/Rendering/MissingRendererInfoException.cs" line-rate="1" branch-rate="1" complexity="1">
          <methods>
            <method name=".ctor" signature="()" line-rate="1" branch-rate="1" complexity="1">
              <lines />
            </method>
          </methods>
          <lines />
        </class>
        <class name="Bunit.Rendering.RenderEvent" filename="/_/src/bunit.core/Rendering/RenderEvent.cs" line-rate="1" branch-rate="1" complexity="26">
          <methods>
            <method name="get_Statuses" signature="()" line-rate="1" branch-rate="1" complexity="1">
              <lines />
            </method>
            <method name="get_Frames" signature="()" line-rate="1" branch-rate="1" complexity="1">
              <lines />
            </method>
            <method name="GetRenderStatus" signature="(...)" line-rate="1" branch-rate="1" complexity="4">
              <lines />
            </method>
            <method name="GetOrCreateStatus" signature="(...)" line-rate="1" branch-rate="1" complexity="2">
              <lines />
            </method>
            <method name="SetDisposed" signature="(...)" line-rate="1" branch-rate="1" complexity="1">
              <lines />
            </method>
            <method name="SetUpdated" signature="(...)" line-rate="1" branch-rate="1" complexity="1">
              <lines />
            </method>
            <method name="SetUpdatedApplied" signature="(...)" line-rate="1" branch-rate="1" complexity="1">
              <lines />
            </method>
            <method name="AddFrames" signature="(...)" line-rate="1" branch-rate="1" complexity="1">
              <lines />
            </method>
            <method name=".ctor" signature="()" line-rate="1" branch-rate="1" complexity="1">
              <lines />
            </method>
            <method name="get_Rendered" signature="()" line-rate="1" branch-rate="1" complexity="1">
              <lines />
            </method>
            <method name="set_Rendered" signature="(...)" line-rate="1" branch-rate="1" complexity="1">
              <lines />
            </method>
            <method name="get_Changed" signature="()" line-rate="1" branch-rate="1" complexity="1">
              <lines />
            </method>
            <method name="set_Changed" signature="(...)" line-rate="1" branch-rate="1" complexity="1">
              <lines />
            </method>
            <method name="get_Disposed" signature="()" line-rate="1" branch-rate="1" complexity="1">
              <lines />
            </method>
            <method name="set_Disposed" signature="(...)" line-rate="1" branch-rate="1" complexity="1">
              <lines />
            </method>
            <method name="get_UpdatesApplied" signature="()" line-rate="1" branch-rate="1" complexity="1">
              <lines />
            </method>
            <method name="set_UpdatesApplied" signature="(...)" line-rate="1" branch-rate="1" complexity="1">
              <lines />
            </method>
            <method name="get_FramesLoaded" signature="()" line-rate="1" branch-rate="1" complexity="1">
              <lines />
            </method>
            <method name="set_FramesLoaded" signature="(...)" line-rate="1" branch-rate="1" complexity="1">
              <lines />
            </method>
            <method name="get_UpdateNeeded" signature="()" line-rate="1" branch-rate="1" complexity="2">
              <lines />
            </method>
            <method name=".ctor" signature="(...)" line-rate="1" branch-rate="1" complexity="1">
              <lines />
            </method>
          </methods>
          <lines />
        </class>
        <class name="Bunit.Rendering.RenderEvent.Status" filename="/_/src/bunit.core/Rendering/RenderEvent.cs" line-rate="1" branch-rate="1" complexity="13">
          <methods>
            <method name="get_Rendered" signature="()" line-rate="1" branch-rate="1" complexity="1">
              <lines />
            </method>
            <method name="set_Rendered" signature="(...)" line-rate="1" branch-rate="1" complexity="1">
              <lines />
            </method>
            <method name="get_Changed" signature="()" line-rate="1" branch-rate="1" complexity="1">
              <lines />
            </method>
            <method name="set_Changed" signature="(...)" line-rate="1" branch-rate="1" complexity="1">
              <lines />
            </method>
            <method name="get_Disposed" signature="()" line-rate="1" branch-rate="1" complexity="1">
              <lines />
            </method>
            <method name="set_Disposed" signature="(...)" line-rate="1" branch-rate="1" complexity="1">
              <lines />
            </method>
            <method name="get_UpdatesApplied" signature="()" line-rate="1" branch-rate="1" complexity="1">
              <lines />
            </method>
            <method name="set_UpdatesApplied" signature="(...)" line-rate="1" branch-rate="1" complexity="1">
              <lines />
            </method>
            <method name="get_FramesLoaded" signature="()" line-rate="1" branch-rate="1" complexity="1">
              <lines />
            </method>
            <method name="set_FramesLoaded" signature="(...)" line-rate="1" branch-rate="1" complexity="1">
              <lines />
            </method>
            <method name="get_UpdateNeeded" signature="()" line-rate="1" branch-rate="1" complexity="2">
              <lines />
            </method>
            <method name=".ctor" signature="(...)" line-rate="1" branch-rate="1" complexity="1">
              <lines />
            </method>
          </methods>
          <lines />
        </class>
        <class name="Bunit.Rendering.RenderModeMisMatchException" filename="/_/src/bunit.core/Rendering/RenderModeMisMatchException.cs" line-rate="1" branch-rate="1" complexity="1">
          <methods>
            <method name=".ctor" signature="()" line-rate="1" branch-rate="1" complexity="1">
              <lines />
            </method>
          </methods>
          <lines />
        </class>
        <class name="Bunit.Rendering.RenderTreeFrameDictionary" filename="/_/src/bunit.core/Rendering/RenderTreeFrameDictionary.cs" line-rate="1" branch-rate="1" complexity="11">
          <methods>
            <method name="get_Count" signature="()" line-rate="1" branch-rate="1" complexity="1">
              <lines />
            </method>
            <method name="get_Keys" signature="()" line-rate="1" branch-rate="1" complexity="1">
              <lines />
            </method>
            <method name="get_Values" signature="()" line-rate="1" branch-rate="1" complexity="1">
              <lines />
            </method>
            <method name="get_Item" signature="(...)" line-rate="1" branch-rate="1" complexity="1">
              <lines />
            </method>
            <method name=".ctor" signature="()" line-rate="1" branch-rate="1" complexity="1">
              <lines />
            </method>
            <method name="Contains" signature="(...)" line-rate="1" branch-rate="1" complexity="1">
              <lines />
            </method>
            <method name="ContainsKey" signature="(...)" line-rate="1" branch-rate="1" complexity="1">
              <lines />
            </method>
            <method name="TryGetValue" signature="(...)" line-rate="1" branch-rate="1" complexity="1">
              <lines />
            </method>
            <method name="GetEnumerator" signature="()" line-rate="1" branch-rate="1" complexity="1">
              <lines />
            </method>
            <method name="System.Collections.IEnumerable.GetEnumerator" signature="()" line-rate="1" branch-rate="1" complexity="1">
              <lines />
            </method>
            <method name="Add" signature="(...)" line-rate="1" branch-rate="1" complexity="1">
              <lines />
            </method>
          </methods>
          <lines />
        </class>
        <class name="Bunit.Rendering.RootComponent" filename="/_/src/bunit.core/Rendering/RootComponent.cs" line-rate="1" branch-rate="1" complexity="6">
          <methods>
            <method name=".ctor" signature="(...)" line-rate="1" branch-rate="1" complexity="1">
              <lines />
            </method>
            <method name="Attach" signature="(...)" line-rate="1" branch-rate="1" complexity="1">
              <lines />
            </method>
            <method name="SetParametersAsync" signature="(...)" line-rate="1" branch-rate="1" complexity="1">
              <lines />
            </method>
            <method name="Render" signature="()" line-rate="1" branch-rate="1" complexity="1">
              <lines />
            </method>
            <method name="Detach" signature="()" line-rate="1" branch-rate="1" complexity="2">
              <lines />
            </method>
          </methods>
          <lines />
        </class>
        <class name="Bunit.Rendering.RootRenderTree" filename="/_/src/bunit.core/Rendering/RootRenderTree.cs" line-rate="1" branch-rate="1" complexity="11">
          <methods>
            <method name="Add&lt;TComponent&gt;" signature="(...)" line-rate="1" branch-rate="1" complexity="1">
              <lines />
            </method>
            <method name="TryAdd&lt;TComponent&gt;" signature="(...)" line-rate="1" branch-rate="1" complexity="2">
              <lines />
            </method>
            <method name="get_Count" signature="()" line-rate="1" branch-rate="1" complexity="1">
              <lines />
            </method>
            <method name="GetEnumerator" signature="()" line-rate="1" branch-rate="1" complexity="1">
              <lines />
            </method>
            <method name="System.Collections.IEnumerable.GetEnumerator" signature="()" line-rate="1" branch-rate="1" complexity="1">
              <lines />
            </method>
            <method name="Wrap" signature="(...)" line-rate="1" branch-rate="1" complexity="2">
              <lines />
            </method>
            <method name="GetCountOf&lt;TComponent&gt;" signature="()" line-rate="1" branch-rate="1" complexity="1">
              <lines />
            </method>
            <method name="CreateRenderFragmentBuilder&lt;TComponent&gt;" signature="(...)" line-rate="1" branch-rate="1" complexity="1">
              <lines />
            </method>
            <method name=".ctor" signature="()" line-rate="1" branch-rate="1" complexity="1">
              <lines />
            </method>
          </methods>
          <lines />
        </class>
        <class name="Bunit.Rendering.RootRenderTree.&lt;&gt;c__DisplayClass2_0&lt;TComponent&gt;" filename="/_/src/bunit.core/Rendering/RootRenderTree.cs" line-rate="1" branch-rate="1" complexity="NaN">
          <methods />
          <lines />
        </class>
        <class name="Bunit.Rendering.RootRenderTree.&lt;&gt;c__DisplayClass8_0&lt;TComponent&gt;" filename="/_/src/bunit.core/Rendering/RootRenderTree.cs" line-rate="1" branch-rate="1" complexity="NaN">
          <methods />
          <lines />
        </class>
        <class name="Bunit.Rendering.RootRenderTree.&lt;&gt;c__DisplayClass9_0&lt;TComponent&gt;" filename="/_/src/bunit.core/Rendering/RootRenderTree.cs" line-rate="1" branch-rate="1" complexity="NaN">
          <methods />
          <lines />
        </class>
        <class name="Bunit.Rendering.RootRenderTreeRegistration" filename="/_/src/bunit.core/Rendering/RootRenderTreeRegistration.cs" line-rate="1" branch-rate="1" complexity="3">
          <methods>
            <method name="get_ComponentType" signature="()" line-rate="1" branch-rate="1" complexity="1">
              <lines />
            </method>
            <method name="get_RenderFragmentBuilder" signature="()" line-rate="1" branch-rate="1" complexity="1">
              <lines />
            </method>
            <method name=".ctor" signature="(...)" line-rate="1" branch-rate="1" complexity="1">
              <lines />
            </method>
          </methods>
          <lines />
        </class>
        <class name="Bunit.Rendering.TestRenderer" filename="/_/src/bunit.core/Rendering/TestRenderer.cs" line-rate="1" branch-rate="1" complexity="100">
          <methods>
            <method name="get_IsBatchInProgress" signature="()" line-rate="1" branch-rate="1" complexity="1">
              <lines />
            </method>
            <method name="set_IsBatchInProgress" signature="(...)" line-rate="1" branch-rate="1" complexity="1">
              <lines />
            </method>
            <method name="get_UnhandledException" signature="()" line-rate="1" branch-rate="1" complexity="1">
              <lines />
            </method>
            <method name="get_Dispatcher" signature="()" line-rate="1" branch-rate="1" complexity="1">
              <lines />
            </method>
            <method name="get_RenderCount" signature="()" line-rate="1" branch-rate="1" complexity="1">
              <lines />
            </method>
            <method name="set_RenderCount" signature="(...)" line-rate="1" branch-rate="1" complexity="1">
              <lines />
            </method>
            <method name="get_RendererInfo" signature="()" line-rate="1" branch-rate="1" complexity="2">
              <lines />
            </method>
            <method name="SetRendererInfo" signature="(...)" line-rate="1" branch-rate="1" complexity="1">
              <lines />
            </method>
            <method name=".ctor" signature="(...)" line-rate="1" branch-rate="1" complexity="1">
              <lines />
            </method>
            <method name="RenderFragment" signature="(...)" line-rate="1" branch-rate="1" complexity="1">
              <lines />
            </method>
            <method name="RenderComponent&lt;TComponent&gt;" signature="(...)" line-rate="1" branch-rate="1" complexity="2">
              <lines />
            </method>
            <method name="DispatchEventAsync" signature="(...)" line-rate="1" branch-rate="1" complexity="1">
              <lines />
            </method>
            <method name="DispatchEventAsync" signature="(...)" line-rate="1" branch-rate="1" complexity="10">
              <lines />
            </method>
            <method name="FindComponent&lt;TComponent&gt;" signature="(...)" line-rate="1" branch-rate="1" complexity="2">
              <lines />
            </method>
            <method name="FindComponents&lt;TComponent&gt;" signature="(...)" line-rate="1" branch-rate="1" complexity="1">
              <lines />
            </method>
            <method name="DisposeComponents" signature="()" line-rate="1" branch-rate="1" complexity="2">
              <lines />
            </method>
            <method name="ResolveComponentForRenderMode" signature="(...)" line-rate="1" branch-rate="1" complexity="1">
              <lines />
            </method>
            <method name="GetComponentRenderMode" signature="(...)" line-rate="1" branch-rate="1" complexity="1">
              <lines />
            </method>
            <method name="SetDirectParametersAsync" signature="(...)" line-rate="1" branch-rate="1" complexity="6">
              <lines />
            </method>
            <method name="ProcessPendingRender" signature="()" line-rate="1" branch-rate="1" complexity="4">
              <lines />
            </method>
            <method name="UpdateDisplayAsync" signature="(...)" line-rate="1" branch-rate="1" complexity="1">
              <lines />
            </method>
            <method name="ApplyRenderEvent" signature="(...)" line-rate="1" branch-rate="1" complexity="12">
              <lines />
            </method>
            <method name="Dispose" signature="(...)" line-rate="1" branch-rate="1" complexity="8">
              <lines />
            </method>
            <method name="Render&lt;TResult&gt;" signature="(...)" line-rate="1" branch-rate="1" complexity="4">
              <lines />
            </method>
            <method name="FindComponents&lt;TComponent&gt;" signature="(...)" line-rate="1" branch-rate="1" complexity="6">
              <lines />
            </method>
            <method name="GetOrCreateRenderedComponent&lt;TComponent&gt;" signature="(...)" line-rate="1" branch-rate="1" complexity="4">
              <lines />
            </method>
            <method name="LoadRenderTreeFrames" signature="(...)" line-rate="1" branch-rate="1" complexity="6">
              <lines />
            </method>
            <method name="GetOrLoadRenderTreeFrame" signature="(...)" line-rate="1" branch-rate="1" complexity="2">
              <lines />
            </method>
            <method name="HandleException" signature="(...)" line-rate="1" branch-rate="1" complexity="4">
              <lines />
            </method>
            <method name="ResetUnhandledException" signature="()" line-rate="1" branch-rate="1" complexity="2">
              <lines />
            </method>
            <method name="AssertNoUnhandledExceptions" signature="()" line-rate="1" branch-rate="1" complexity="10">
              <lines />
            </method>
          </methods>
          <lines />
        </class>
        <class name="Bunit.Rendering.TestRenderer.&lt;&gt;c__DisplayClass42_0&lt;TResult&gt;" filename="/_/src/bunit.core/Rendering/TestRenderer.cs" line-rate="1" branch-rate="1" complexity="NaN">
          <methods />
          <lines />
        </class>
        <class name="Bunit.Rendering.TestRendererLoggerExtensions" filename="/_/src/bunit.core/Rendering/TestRendererLoggerExtensions.cs" line-rate="1" branch-rate="1" complexity="25">
          <methods>
            <method name="LogComponentDisposed" signature="(...)" line-rate="1" branch-rate="1" complexity="2">
              <lines />
            </method>
            <method name="LogComponentRendered" signature="(...)" line-rate="1" branch-rate="1" complexity="2">
              <lines />
            </method>
            <method name="LogDisposedChildInRenderTreeFrame" signature="(...)" line-rate="1" branch-rate="1" complexity="2">
              <lines />
            </method>
            <method name="LogAsyncInitialRender" signature="(...)" line-rate="1" branch-rate="1" complexity="2">
              <lines />
            </method>
            <method name="LogInitialRenderCompleted" signature="(...)" line-rate="1" branch-rate="1" complexity="2">
              <lines />
            </method>
            <method name="LogUnhandledException" signature="(...)" line-rate="1" branch-rate="1" complexity="4">
              <lines />
            </method>
            <method name="LogRenderCycleActiveAfterDispose" signature="(...)" line-rate="1" branch-rate="1" complexity="2">
              <lines />
            </method>
            <method name="LogDispatchingEvent" signature="(...)" line-rate="1" branch-rate="1" complexity="8">
              <lines />
            </method>
            <method name=".cctor" signature="()" line-rate="1" branch-rate="1" complexity="1">
              <lines />
            </method>
          </methods>
          <lines />
        </class>
        <class name="Bunit.Rendering.UnknownEventHandlerIdException" filename="/_/src/bunit.core/Rendering/UnknownEventHandlerIdException.cs" line-rate="1" branch-rate="1" complexity="3">
          <methods>
            <method name=".ctor" signature="(...)" line-rate="1" branch-rate="1" complexity="1">
              <lines />
            </method>
            <method name=".ctor" signature="(...)" line-rate="1" branch-rate="1" complexity="1">
              <lines />
            </method>
            <method name="CreateMessage" signature="(...)" line-rate="1" branch-rate="1" complexity="1">
              <lines />
            </method>
          </methods>
          <lines />
        </class>
        <class name="Bunit.TestContextBase" filename="/_/src/bunit.core/TestContextBase.cs" line-rate="1" branch-rate="1" complexity="18">
          <methods>
            <method name="get_DefaultWaitTimeout" signature="()" line-rate="1" branch-rate="1" complexity="1">
              <lines />
            </method>
            <method name="set_DefaultWaitTimeout" signature="(...)" line-rate="1" branch-rate="1" complexity="1">
              <lines />
            </method>
            <method name="get_Renderer" signature="()" line-rate="1" branch-rate="1" complexity="2">
              <lines />
            </method>
            <method name="get_Services" signature="()" line-rate="1" branch-rate="1" complexity="1">
              <lines />
            </method>
            <method name="get_RenderTree" signature="()" line-rate="1" branch-rate="1" complexity="1">
              <lines />
            </method>
            <method name="get_ComponentFactories" signature="()" line-rate="1" branch-rate="1" complexity="1">
              <lines />
            </method>
            <method name=".ctor" signature="()" line-rate="1" branch-rate="1" complexity="1">
              <lines />
            </method>
            <method name="Dispose" signature="()" line-rate="1" branch-rate="1" complexity="1">
              <lines />
            </method>
            <method name="Dispose" signature="(...)" line-rate="1" branch-rate="1" complexity="6">
              <lines />
            </method>
            <method name="DisposeComponents" signature="()" line-rate="1" branch-rate="1" complexity="1">
              <lines />
            </method>
            <method name="SetRendererInfo" signature="(...)" line-rate="1" branch-rate="1" complexity="1">
              <lines />
            </method>
            <method name=".cctor" signature="()" line-rate="1" branch-rate="1" complexity="1">
              <lines />
            </method>
          </methods>
          <lines />
        </class>
        <class name="Bunit.TestDoubles.FakePersistentComponentState" filename="/_/src/bunit.core/TestDoubles/PersistentComponentState/FakePersistentComponentState.cs" line-rate="1" branch-rate="1" complexity="6">
          <methods>
            <method name=".ctor" signature="(...)" line-rate="1" branch-rate="1" complexity="1">
              <lines />
            </method>
            <method name="TriggerOnPersisting" signature="()" line-rate="1" branch-rate="1" complexity="1">
              <lines />
            </method>
            <method name="Persist&lt;TValue&gt;" signature="(...)" line-rate="1" branch-rate="1" complexity="2">
              <lines />
            </method>
            <method name="TryTake&lt;TValue&gt;" signature="(...)" line-rate="1" branch-rate="1" complexity="1">
              <lines />
            </method>
            <method name=".cctor" signature="()" line-rate="1" branch-rate="1" complexity="1">
              <lines />
            </method>
          </methods>
          <lines />
        </class>
        <class name="Bunit.TestDoubles.FakePersistentComponentStateStore" filename="/_/src/bunit.core/TestDoubles/PersistentComponentState/FakePersistentComponentStateStore.cs" line-rate="1" branch-rate="1" complexity="5">
          <methods>
            <method name="Add" signature="(...)" line-rate="1" branch-rate="1" complexity="1">
              <lines />
            </method>
            <method name="GetPersistedStateAsync" signature="()" line-rate="1" branch-rate="1" complexity="1">
              <lines />
            </method>
            <method name="PersistStateAsync" signature="(...)" line-rate="1" branch-rate="1" complexity="2">
              <lines />
            </method>
            <method name=".ctor" signature="()" line-rate="1" branch-rate="1" complexity="1">
              <lines />
            </method>
          </methods>
          <lines />
        </class>
        <class name="Bunit.TestDoubles.TestContextBaseExtensions" filename="/_/src/bunit.core/TestDoubles/PersistentComponentState/TestContextBaseExtensions.cs" line-rate="1" branch-rate="1" complexity="4">
          <methods>
            <method name="AddFakePersistentComponentState" signature="(...)" line-rate="1" branch-rate="1" complexity="4">
              <lines />
            </method>
          </methods>
          <lines />
        </class>
        <class name="Bunit.TestServiceProvider" filename="/_/src/bunit.core/TestServiceProvider.cs" line-rate="1" branch-rate="1" complexity="59">
          <methods>
            <method name="get_IsProviderInitialized" signature="()" line-rate="1" branch-rate="1" complexity="1">
              <lines />
            </method>
            <method name="get_Count" signature="()" line-rate="1" branch-rate="1" complexity="1">
              <lines />
            </method>
            <method name="get_IsReadOnly" signature="()" line-rate="1" branch-rate="1" complexity="2">
              <lines />
            </method>
            <method name="get_Item" signature="(...)" line-rate="1" branch-rate="1" complexity="1">
              <lines />
            </method>
            <method name="set_Item" signature="(...)" line-rate="1" branch-rate="1" complexity="1">
              <lines />
            </method>
            <method name="get_Options" signature="()" line-rate="1" branch-rate="1" complexity="1">
              <lines />
            </method>
            <method name="set_Options" signature="(...)" line-rate="1" branch-rate="1" complexity="2">
              <lines />
            </method>
            <method name=".ctor" signature="(...)" line-rate="1" branch-rate="1" complexity="2">
              <lines />
            </method>
            <method name=".ctor" signature="(...)" line-rate="1" branch-rate="1" complexity="2">
              <lines />
            </method>
            <method name="UseServiceProviderFactory" signature="(...)" line-rate="1" branch-rate="1" complexity="2">
              <lines />
            </method>
            <method name="UseServiceProviderFactory&lt;TContainerBuilder&gt;" signature="(...)" line-rate="1" branch-rate="1" complexity="2">
              <lines />
            </method>
            <method name="InitializeProvider" signature="()" line-rate="1" branch-rate="1" complexity="1">
              <lines />
            </method>
            <method name="AddFallbackServiceProvider" signature="(...)" line-rate="1" branch-rate="1" complexity="2">
              <lines />
            </method>
            <method name="GetService&lt;TService&gt;" signature="()" line-rate="1" branch-rate="1" complexity="1">
              <lines />
            </method>
            <method name="GetService" signature="(...)" line-rate="1" branch-rate="1" complexity="1">
              <lines />
            </method>
            <method name="GetServiceInternal" signature="(...)" line-rate="1" branch-rate="1" complexity="6">
              <lines />
            </method>
            <method name="GetEnumerator" signature="()" line-rate="1" branch-rate="1" complexity="1">
              <lines />
            </method>
            <method name="System.Collections.IEnumerable.GetEnumerator" signature="()" line-rate="1" branch-rate="1" complexity="1">
              <lines />
            </method>
            <method name="Dispose" signature="()" line-rate="1" branch-rate="1" complexity="4">
              <lines />
            </method>
            <method name="IndexOf" signature="(...)" line-rate="1" branch-rate="1" complexity="1">
              <lines />
            </method>
            <method name="Insert" signature="(...)" line-rate="1" branch-rate="1" complexity="1">
              <lines />
            </method>
            <method name="RemoveAt" signature="(...)" line-rate="1" branch-rate="1" complexity="1">
              <lines />
            </method>
            <method name="Add" signature="(...)" line-rate="1" branch-rate="1" complexity="1">
              <lines />
            </method>
            <method name="Clear" signature="()" line-rate="1" branch-rate="1" complexity="1">
              <lines />
            </method>
            <method name="Contains" signature="(...)" line-rate="1" branch-rate="1" complexity="1">
              <lines />
            </method>
            <method name="CopyTo" signature="(...)" line-rate="1" branch-rate="1" complexity="1">
              <lines />
            </method>
            <method name="Remove" signature="(...)" line-rate="1" branch-rate="1" complexity="1">
              <lines />
            </method>
            <method name="GetKeyedService" signature="(...)" line-rate="1" branch-rate="1" complexity="8">
              <lines />
            </method>
            <method name="GetRequiredKeyedService" signature="(...)" line-rate="1" branch-rate="1" complexity="2">
              <lines />
            </method>
            <method name="CheckInitializedAndThrow" signature="()" line-rate="1" branch-rate="1" complexity="2">
              <lines />
            </method>
            <method name=".cctor" signature="()" line-rate="1" branch-rate="1" complexity="1">
              <lines />
            </method>
            <method name="MoveNext" signature="()" line-rate="1" branch-rate="1" complexity="4">
              <lines />
            </method>
          </methods>
          <lines />
        </class>
        <class name="Bunit.TestServiceProvider.&lt;&gt;c__DisplayClass23_0&lt;TContainerBuilder&gt;" filename="/_/src/bunit.core/TestServiceProvider.cs" line-rate="1" branch-rate="1" complexity="NaN">
          <methods />
          <lines />
        </class>
      </classes>
    </package>
    <package name="Bunit.Web" line-rate="0.160149608976539" branch-rate="0.144492131616595" complexity="1956">
      <classes>
        <class name="Bunit.AngleSharpExtensions" filename="/_/src/bunit.web/Extensions/Internal/AngleSharpExtensions.cs" line-rate="1" branch-rate="1" complexity="31">
          <methods>
            <method name="GetHtmlParser" signature="(...)" line-rate="1" branch-rate="1" complexity="4">
              <lines />
            </method>
            <method name="GetHtmlParser" signature="(...)" line-rate="1" branch-rate="1" complexity="4">
              <lines />
            </method>
            <method name="GetHtmlComparer" signature="(...)" line-rate="1" branch-rate="1" complexity="6">
              <lines />
            </method>
            <method name="GetHtmlComparer" signature="(...)" line-rate="1" branch-rate="1" complexity="4">
              <lines />
            </method>
            <method name="GetTestContext" signature="(...)" line-rate="1" branch-rate="1" complexity="4">
              <lines />
            </method>
            <method name="GetTestContext" signature="(...)" line-rate="1" branch-rate="1" complexity="4">
              <lines />
            </method>
            <method name="MoveNext" signature="()" line-rate="1" branch-rate="1" complexity="1">
              <lines />
            </method>
            <method name="MoveNext" signature="()" line-rate="1" branch-rate="1" complexity="4">
              <lines />
            </method>
          </methods>
          <lines />
        </class>
        <class name="Bunit.BUnitBrowserFile" filename="/_/src/bunit.web/Extensions/InputFile/BUnitBrowserFile.cs" line-rate="1" branch-rate="1" complexity="8">
          <methods>
            <method name="get_Name" signature="()" line-rate="1" branch-rate="1" complexity="1">
              <lines />
            </method>
            <method name="get_LastModified" signature="()" line-rate="1" branch-rate="1" complexity="1">
              <lines />
            </method>
            <method name="get_Size" signature="()" line-rate="1" branch-rate="1" complexity="1">
              <lines />
            </method>
            <method name="get_ContentType" signature="()" line-rate="1" branch-rate="1" complexity="1">
              <lines />
            </method>
            <method name="get_Content" signature="()" line-rate="1" branch-rate="1" complexity="1">
              <lines />
            </method>
            <method name=".ctor" signature="(...)" line-rate="1" branch-rate="1" complexity="1">
              <lines />
            </method>
            <method name="OpenReadStream" signature="(...)" line-rate="1" branch-rate="1" complexity="2">
              <lines />
            </method>
          </methods>
          <lines />
        </class>
        <class name="Bunit.BunitJSInterop" filename="/_/src/bunit.web/JSInterop/BunitJSInterop.cs" line-rate="1" branch-rate="1" complexity="40">
          <methods>
            <method name="get_Invocations" signature="()" line-rate="1" branch-rate="1" complexity="1">
              <lines />
            </method>
            <method name="get_Mode" signature="()" line-rate="1" branch-rate="1" complexity="1">
              <lines />
            </method>
            <method name="set_Mode" signature="(...)" line-rate="1" branch-rate="1" complexity="1">
              <lines />
            </method>
            <method name="get_JSRuntime" signature="()" line-rate="1" branch-rate="1" complexity="1">
              <lines />
            </method>
            <method name=".ctor" signature="()" line-rate="1" branch-rate="1" complexity="1">
              <lines />
            </method>
            <method name="AddInvocationHandler&lt;TResult&gt;" signature="(...)" line-rate="1" branch-rate="1" complexity="4">
              <lines />
            </method>
            <method name="HandleInvocation&lt;TValue&gt;" signature="(...)" line-rate="1" branch-rate="1" complexity="2">
              <lines />
            </method>
            <method name="TryHandlePlannedInvocation&lt;TValue&gt;" signature="(...)" line-rate="1" branch-rate="1" complexity="4">
              <lines />
            </method>
            <method name="RegisterInvocation" signature="(...)" line-rate="1" branch-rate="1" complexity="1">
              <lines />
            </method>
            <method name="TryGetHandlerFor&lt;TResult&gt;" signature="(...)" line-rate="1" branch-rate="1" complexity="22">
              <lines />
            </method>
            <method name="AddCustomNet5Handlers" signature="()" line-rate="1" branch-rate="1" complexity="1">
              <lines />
            </method>
            <method name="AddCustomNet6Handlers" signature="()" line-rate="1" branch-rate="1" complexity="1">
              <lines />
            </method>
          </methods>
          <lines />
        </class>
        <class name="Bunit.BunitJSInterop.&lt;&gt;c__16&lt;TResult&gt;" filename="/_/src/bunit.web/JSInterop/BunitJSInterop.cs" line-rate="1" branch-rate="1" complexity="NaN">
          <methods />
          <lines />
        </class>
        <class name="Bunit.BunitJSInteropSetupExtensions" filename="/_/src/bunit.web/JSInterop/BunitJSInteropSetupExtensions.cs" line-rate="1" branch-rate="1" complexity="22">
          <methods>
            <method name="Setup&lt;TResult&gt;" signature="(...)" line-rate="1" branch-rate="1" complexity="2">
              <lines />
            </method>
            <method name="Setup&lt;TResult&gt;" signature="(...)" line-rate="1" branch-rate="1" complexity="1">
              <lines />
            </method>
            <method name="Setup&lt;TResult&gt;" signature="(...)" line-rate="1" branch-rate="1" complexity="1">
              <lines />
            </method>
            <method name="Setup&lt;TResult&gt;" signature="(...)" line-rate="1" branch-rate="1" complexity="2">
              <lines />
            </method>
            <method name="SetupVoid" signature="(...)" line-rate="1" branch-rate="1" complexity="2">
              <lines />
            </method>
            <method name="SetupVoid" signature="(...)" line-rate="1" branch-rate="1" complexity="1">
              <lines />
            </method>
            <method name="SetupVoid" signature="(...)" line-rate="1" branch-rate="1" complexity="1">
              <lines />
            </method>
            <method name="SetupVoid" signature="(...)" line-rate="1" branch-rate="1" complexity="2">
              <lines />
            </method>
            <method name="TryGetInvokeHandler&lt;TResult&gt;" signature="(...)" line-rate="1" branch-rate="1" complexity="2">
              <lines />
            </method>
            <method name="TryGetInvokeVoidHandler" signature="(...)" line-rate="1" branch-rate="1" complexity="4">
              <lines />
            </method>
            <method name="EnsureResultNotIJSObjectReference&lt;TResult&gt;" signature="()" line-rate="1" branch-rate="1" complexity="4">
              <lines />
            </method>
          </methods>
          <lines />
        </class>
        <class name="Bunit.BunitJSInteropSetupExtensions" filename="/_/src/bunit.web/JSInterop/BunitJSInteropSetupExtensions.net5.cs" line-rate="1" branch-rate="1" complexity="14">
          <methods>
            <method name="SetupModule" signature="(...)" line-rate="1" branch-rate="1" complexity="4">
              <lines />
            </method>
            <method name="SetupModule" signature="(...)" line-rate="1" branch-rate="1" complexity="1">
              <lines />
            </method>
            <method name="SetupModule" signature="(...)" line-rate="1" branch-rate="1" complexity="2">
              <lines />
            </method>
            <method name="SetupModule" signature="(...)" line-rate="1" branch-rate="1" complexity="1">
              <lines />
            </method>
            <method name="SetupModule" signature="(...)" line-rate="1" branch-rate="1" complexity="2">
              <lines />
            </method>
            <method name="TryGetModuleJSInterop" signature="(...)" line-rate="1" branch-rate="1" complexity="4">
              <lines />
            </method>
          </methods>
          <lines />
        </class>
        <class name="Bunit.BunitJSInteropSetupExtensions.&lt;&gt;c__3&lt;TResult&gt;" filename="/_/src/bunit.web/JSInterop/BunitJSInteropSetupExtensions.cs" line-rate="1" branch-rate="1" complexity="NaN">
          <methods />
          <lines />
        </class>
        <class name="Bunit.BunitJSInteropSetupExtensions.&lt;&gt;c__DisplayClass1_0&lt;TResult&gt;" filename="/_/src/bunit.web/JSInterop/BunitJSInteropSetupExtensions.cs" line-rate="1" branch-rate="1" complexity="NaN">
          <methods />
          <lines />
        </class>
        <class name="Bunit.BunitJSInteropSetupExtensions.&lt;&gt;c__DisplayClass2_0&lt;TResult&gt;" filename="/_/src/bunit.web/JSInterop/BunitJSInteropSetupExtensions.cs" line-rate="1" branch-rate="1" complexity="NaN">
          <methods />
          <lines />
        </class>
        <class name="Bunit.BunitJSModuleInterop" filename="/_/src/bunit.web/JSInterop/BunitJSModuleInterop.cs" line-rate="1" branch-rate="1" complexity="5">
          <methods>
            <method name="get_Mode" signature="()" line-rate="1" branch-rate="1" complexity="2">
              <lines />
            </method>
            <method name="set_Mode" signature="(...)" line-rate="1" branch-rate="1" complexity="1">
              <lines />
            </method>
            <method name=".ctor" signature="(...)" line-rate="1" branch-rate="1" complexity="1">
              <lines />
            </method>
            <method name="RegisterInvocation" signature="(...)" line-rate="1" branch-rate="1" complexity="1">
              <lines />
[...]
            <line number="81" hits="0" branch="false" />
            <line number="82" hits="0" branch="false" />
            <line number="83" hits="0" branch="false" />
            <line number="84" hits="0" branch="false" />
            <line number="85" hits="0" branch="false" />
            <line number="86" hits="0" branch="false" />
            <line number="87" hits="0" branch="false" />
            <line number="88" hits="0" branch="false" />
            <line number="89" hits="0" branch="false" />
            <line number="90" hits="0" branch="false" />
            <line number="91" hits="0" branch="false" />
            <line number="93" hits="0" branch="false" />
            <line number="94" hits="0" branch="false" />
            <line number="97" hits="0" branch="false" />
            <line number="98" hits="0" branch="false" />
            <line number="99" hits="0" branch="false" />
            <line number="100" hits="0" branch="false" />
          </lines>
        </class>
        <class name="TaskFlow.Tests.UITests.TestBase" filename="C:\Users\ilage\Documents\GitHub\GMI2J3_Final_Project\TaskFlow\TaskFlow.Tests\UITests\TaskFlowTestBase.cs" line-rate="0" branch-rate="0" complexity="5">
          <methods>
            <method name=".ctor" signature="()" line-rate="0" branch-rate="1" complexity="1">
              <lines>
                <line number="13" hits="0" branch="false" />
                <line number="15" hits="0" branch="false" />
                <line number="16" hits="0" branch="false" />
                <line number="17" hits="0" branch="false" />
                <line number="18" hits="0" branch="false" />
                <line number="19" hits="0" branch="false" />
              </lines>
            </method>
            <method name="NavigateToApp" signature="()" line-rate="0" branch-rate="1" complexity="1">
              <lines>
                <line number="21" hits="0" branch="false" />
              </lines>
            </method>
            <method name="AddTask" signature="(...)" line-rate="0" branch-rate="0" complexity="2">
              <lines>
                <line number="24" hits="0" branch="false" />
                <line number="25" hits="0" branch="false" />
                <line number="27" hits="0" branch="true" condition-coverage="0% (0/2)" />
                <line number="28" hits="0" branch="false" />
                <line number="29" hits="0" branch="false" />
                <line number="31" hits="0" branch="false" />
                <line number="32" hits="0" branch="false" />
                <line number="33" hits="0" branch="false" />
                <line number="34" hits="0" branch="true" condition-coverage="0% (0/2)" />
                <line number="35" hits="0" branch="false" />
                <line number="36" hits="0" branch="false" />
                <line number="37" hits="0" branch="false" />
                <line number="38" hits="0" branch="false" />
                <line number="39" hits="0" branch="false" />
                <line number="40" hits="0" branch="false" />
                <line number="41" hits="0" branch="false" />
                <line number="42" hits="0" branch="false" />
                <line number="43" hits="0" branch="false" />
                <line number="44" hits="0" branch="false" />
              </lines>
            </method>
            <method name="Dispose" signature="()" line-rate="0" branch-rate="1" complexity="1">
              <lines>
                <line number="47" hits="0" branch="false" />
                <line number="48" hits="0" branch="false" />
                <line number="49" hits="0" branch="false" />
                <line number="50" hits="0" branch="false" />
              </lines>
            </method>
          </methods>
          <lines>
            <line number="13" hits="0" branch="false" />
            <line number="15" hits="0" branch="false" />
            <line number="16" hits="0" branch="false" />
            <line number="17" hits="0" branch="false" />
            <line number="18" hits="0" branch="false" />
            <line number="19" hits="0" branch="false" />
            <line number="21" hits="0" branch="false" />
            <line number="24" hits="0" branch="false" />
            <line number="25" hits="0" branch="false" />
            <line number="27" hits="0" branch="true" condition-coverage="0% (0/2)" />
            <line number="28" hits="0" branch="false" />
            <line number="29" hits="0" branch="false" />
            <line number="31" hits="0" branch="false" />
            <line number="32" hits="0" branch="false" />
            <line number="33" hits="0" branch="false" />
            <line number="34" hits="0" branch="true" condition-coverage="0% (0/2)" />
            <line number="35" hits="0" branch="false" />
            <line number="36" hits="0" branch="false" />
            <line number="37" hits="0" branch="false" />
            <line number="38" hits="0" branch="false" />
            <line number="39" hits="0" branch="false" />
            <line number="40" hits="0" branch="false" />
            <line number="41" hits="0" branch="false" />
            <line number="42" hits="0" branch="false" />
            <line number="43" hits="0" branch="false" />
            <line number="44" hits="0" branch="false" />
            <line number="47" hits="0" branch="false" />
            <line number="48" hits="0" branch="false" />
            <line number="49" hits="0" branch="false" />
            <line number="50" hits="0" branch="false" />
          </lines>
        </class>
        <class name="TaskFlowComponentTests" filename="C:\Users\ilage\Documents\GitHub\GMI2J3_Final_Project\TaskFlow\TaskFlow.Tests\UnitTests\TaskFlowComponentTests.cs" line-rate="0.875" branch-rate="1" complexity="9">
          <methods>
            <method name=".ctor" signature="()" line-rate="1" branch-rate="1" complexity="1">
              <lines>
                <line number="17" hits="1" branch="false" />
                <line number="18" hits="1" branch="false" />
                <line number="19" hits="1" branch="false" />
                <line number="20" hits="1" branch="false" />
                <line number="22" hits="1" branch="false" />
                <line number="23" hits="1" branch="false" />
                <line number="25" hits="1" branch="false" />
                <line number="26" hits="1" branch="false" />
              </lines>
            </method>
            <method name="MoveNext" signature="()" line-rate="0.9" branch-rate="1" complexity="1">
              <lines>
                <line number="55" hits="1" branch="false" />
                <line number="56" hits="1" branch="false" />
                <line number="57" hits="1" branch="false" />
                <line number="59" hits="1" branch="false" />
                <line number="60" hits="1" branch="false" />
                <line number="62" hits="1" branch="false" />
                <line number="64" hits="1" branch="false" />
                <line number="65" hits="1" branch="false" />
                <line number="66" hits="1" branch="false" />
                <line number="67" hits="0" branch="false" />
              </lines>
            </method>
            <method name="MoveNext" signature="()" line-rate="0.857142857142857" branch-rate="1" complexity="1">
              <lines>
                <line number="30" hits="1" branch="false" />
                <line number="31" hits="1" branch="false" />
                <line number="32" hits="1" branch="false" />
                <line number="34" hits="1" branch="false" />
                <line number="35" hits="1" branch="false" />
                <line number="36" hits="1" branch="false" />
                <line number="37" hits="0" branch="false" />
              </lines>
            </method>
            <method name="MoveNext" signature="()" line-rate="0.888888888888889" branch-rate="1" complexity="1">
              <lines>
                <line number="41" hits="1" branch="false" />
                <line number="42" hits="1" branch="false" />
                <line number="43" hits="1" branch="false" />
                <line number="45" hits="1" branch="false" />
                <line number="46" hits="1" branch="false" />
                <line number="48" hits="1" branch="false" />
                <line number="49" hits="1" branch="false" />
                <line number="50" hits="1" branch="false" />
                <line number="51" hits="0" branch="false" />
              </lines>
            </method>
            <method name="MoveNext" signature="()" line-rate="0.769230769230769" branch-rate="1" complexity="1">
              <lines>
                <line number="90" hits="1" branch="false" />
                <line number="91" hits="1" branch="false" />
                <line number="92" hits="1" branch="false" />
                <line number="94" hits="1" branch="false" />
                <line number="95" hits="1" branch="false" />
                <line number="97" hits="1" branch="false" />
                <line number="98" hits="1" branch="false" />
                <line number="100" hits="1" branch="false" />
                <line number="101" hits="1" branch="false" />
                <line number="102" hits="1" branch="false" />
                <line number="103" hits="0" branch="false" />
                <line number="104" hits="0" branch="false" />
                <line number="105" hits="0" branch="false" />
              </lines>
            </method>
            <method name="MoveNext" signature="()" line-rate="0.928571428571429" branch-rate="1" complexity="1">
              <lines>
                <line number="152" hits="1" branch="false" />
                <line number="153" hits="1" branch="false" />
                <line number="154" hits="1" branch="false" />
                <line number="156" hits="1" branch="false" />
                <line number="158" hits="1" branch="false" />
                <line number="159" hits="1" branch="false" />
                <line number="160" hits="1" branch="false" />
                <line number="161" hits="1" branch="false" />
                <line number="162" hits="1" branch="false" />
                <line number="163" hits="1" branch="false" />
                <line number="165" hits="1" branch="false" />
                <line number="166" hits="1" branch="false" />
                <line number="167" hits="1" branch="false" />
                <line number="168" hits="0" branch="false" />
              </lines>
            </method>
            <method name="MoveNext" signature="()" line-rate="0.888888888888889" branch-rate="1" complexity="1">
              <lines>
                <line number="109" hits="1" branch="false" />
                <line number="110" hits="1" branch="false" />
                <line number="111" hits="1" branch="false" />
                <line number="113" hits="1" branch="false" />
                <line number="114" hits="1" branch="false" />
                <line number="116" hits="1" branch="false" />
                <line number="118" hits="1" branch="false" />
                <line number="119" hits="1" branch="false" />
                <line number="120" hits="1" branch="false" />
                <line number="121" hits="1" branch="false" />
                <line number="122" hits="1" branch="false" />
                <line number="123" hits="1" branch="false" />
                <line number="125" hits="1" branch="false" />
                <line number="126" hits="1" branch="false" />
                <line number="127" hits="1" branch="false" />
                <line number="128" hits="1" branch="false" />
                <line number="129" hits="0" branch="false" />
                <line number="130" hits="0" branch="false" />
              </lines>
            </method>
            <method name="MoveNext" signature="()" line-rate="0.833333333333333" branch-rate="1" complexity="1">
              <lines>
                <line number="134" hits="1" branch="false" />
                <line number="135" hits="1" branch="false" />
                <line number="136" hits="1" branch="false" />
                <line number="138" hits="1" branch="false" />
                <line number="140" hits="1" branch="false" />
                <line number="141" hits="1" branch="false" />
                <line number="143" hits="1" branch="false" />
                <line number="144" hits="1" branch="false" />
                <line number="145" hits="1" branch="false" />
                <line number="146" hits="1" branch="false" />
                <line number="147" hits="0" branch="false" />
                <line number="148" hits="0" branch="false" />
              </lines>
            </method>
            <method name="MoveNext" signature="()" line-rate="0.846153846153846" branch-rate="1" complexity="1">
              <lines>
                <line number="71" hits="1" branch="false" />
                <line number="72" hits="1" branch="false" />
                <line number="73" hits="1" branch="false" />
                <line number="75" hits="1" branch="false" />
                <line number="76" hits="1" branch="false" />
                <line number="78" hits="1" branch="false" />
                <line number="79" hits="1" branch="false" />
                <line number="81" hits="1" branch="false" />
                <line number="82" hits="1" branch="false" />
                <line number="83" hits="1" branch="false" />
                <line number="84" hits="1" branch="false" />
                <line number="85" hits="0" branch="false" />
                <line number="86" hits="0" branch="false" />
              </lines>
            </method>
          </methods>
          <lines>
            <line number="17" hits="1" branch="false" />
            <line number="18" hits="1" branch="false" />
            <line number="19" hits="1" branch="false" />
            <line number="20" hits="1" branch="false" />
            <line number="22" hits="1" branch="false" />
            <line number="23" hits="1" branch="false" />
            <line number="25" hits="1" branch="false" />
            <line number="26" hits="1" branch="false" />
            <line number="30" hits="1" branch="false" />
            <line number="31" hits="1" branch="false" />
            <line number="32" hits="1" branch="false" />
            <line number="34" hits="1" branch="false" />
            <line number="35" hits="1" branch="false" />
            <line number="36" hits="1" branch="false" />
            <line number="37" hits="0" branch="false" />
            <line number="41" hits="1" branch="false" />
            <line number="42" hits="1" branch="false" />
            <line number="43" hits="1" branch="false" />
            <line number="45" hits="1" branch="false" />
            <line number="46" hits="1" branch="false" />
            <line number="48" hits="1" branch="false" />
            <line number="49" hits="1" branch="false" />
            <line number="50" hits="1" branch="false" />
            <line number="51" hits="0" branch="false" />
            <line number="55" hits="1" branch="false" />
            <line number="56" hits="1" branch="false" />
            <line number="57" hits="1" branch="false" />
            <line number="59" hits="1" branch="false" />
            <line number="60" hits="1" branch="false" />
            <line number="62" hits="1" branch="false" />
            <line number="64" hits="1" branch="false" />
            <line number="65" hits="1" branch="false" />
            <line number="66" hits="1" branch="false" />
            <line number="67" hits="0" branch="false" />
            <line number="71" hits="1" branch="false" />
            <line number="72" hits="1" branch="false" />
            <line number="73" hits="1" branch="false" />
            <line number="75" hits="1" branch="false" />
            <line number="76" hits="1" branch="false" />
            <line number="78" hits="1" branch="false" />
            <line number="79" hits="1" branch="false" />
            <line number="81" hits="1" branch="false" />
            <line number="82" hits="1" branch="false" />
            <line number="83" hits="1" branch="false" />
            <line number="84" hits="1" branch="false" />
            <line number="85" hits="0" branch="false" />
            <line number="86" hits="0" branch="false" />
            <line number="90" hits="1" branch="false" />
            <line number="91" hits="1" branch="false" />
            <line number="92" hits="1" branch="false" />
            <line number="94" hits="1" branch="false" />
            <line number="95" hits="1" branch="false" />
            <line number="97" hits="1" branch="false" />
            <line number="98" hits="1" branch="false" />
            <line number="100" hits="1" branch="false" />
            <line number="101" hits="1" branch="false" />
            <line number="102" hits="1" branch="false" />
            <line number="103" hits="0" branch="false" />
            <line number="104" hits="0" branch="false" />
            <line number="105" hits="0" branch="false" />
            <line number="109" hits="1" branch="false" />
            <line number="110" hits="1" branch="false" />
            <line number="111" hits="1" branch="false" />
            <line number="113" hits="1" branch="false" />
            <line number="114" hits="1" branch="false" />
            <line number="116" hits="1" branch="false" />
            <line number="118" hits="1" branch="false" />
            <line number="119" hits="1" branch="false" />
            <line number="120" hits="1" branch="false" />
            <line number="121" hits="1" branch="false" />
            <line number="122" hits="1" branch="false" />
            <line number="123" hits="1" branch="false" />
            <line number="125" hits="1" branch="false" />
            <line number="126" hits="1" branch="false" />
            <line number="127" hits="1" branch="false" />
            <line number="128" hits="1" branch="false" />
            <line number="129" hits="0" branch="false" />
            <line number="130" hits="0" branch="false" />
            <line number="134" hits="1" branch="false" />
            <line number="135" hits="1" branch="false" />
            <line number="136" hits="1" branch="false" />
            <line number="138" hits="1" branch="false" />
            <line number="140" hits="1" branch="false" />
            <line number="141" hits="1" branch="false" />
            <line number="143" hits="1" branch="false" />
            <line number="144" hits="1" branch="false" />
            <line number="145" hits="1" branch="false" />
            <line number="146" hits="1" branch="false" />
            <line number="147" hits="0" branch="false" />
            <line number="148" hits="0" branch="false" />
            <line number="152" hits="1" branch="false" />
            <line number="153" hits="1" branch="false" />
            <line number="154" hits="1" branch="false" />
            <line number="156" hits="1" branch="false" />
            <line number="158" hits="1" branch="false" />
            <line number="159" hits="1" branch="false" />
            <line number="160" hits="1" branch="false" />
            <line number="161" hits="1" branch="false" />
            <line number="162" hits="1" branch="false" />
            <line number="163" hits="1" branch="false" />
            <line number="165" hits="1" branch="false" />
            <line number="166" hits="1" branch="false" />
            <line number="167" hits="1" branch="false" />
            <line number="168" hits="0" branch="false" />
          </lines>
        </class>
      </classes>
    </package>
  </packages>
</coverage>